<?xml version="1.0" encoding="UTF-8"?>
<!-- Generated by org.testng.reporters.JUnitReportReporter -->
<testsuite hostname="DESKTOP-5NC6EFS" failures="0" tests="1" name="apiTest.TestGetRequest" time="3.306" errors="0" timestamp="2024-08-14T22:23:19 IST" skipped="0">
  <testcase classname="apiTest.TestGetRequest" name="getRequestTest" time="3.306"/>
</testsuite> <!-- apiTest.TestGetRequest -->
