<?xml version="1.0" encoding="UTF-8"?>
<!-- Generated by org.testng.reporters.JUnitReportReporter -->
<testsuite hostname="DESKTOP-5NC6EFS" failures="0" tests="1" name="apiTest.PostRequestTest" time="0.003" errors="0" timestamp="2024-08-15T16:02:43 IST" skipped="0">
  <testcase classname="apiTest.PostRequestTest" name="LoginUserToken" time="0.003"/>
</testsuite> <!-- apiTest.PostRequestTest -->
