<?xml version="1.0" encoding="UTF-8"?>
<!-- Generated by org.testng.reporters.JUnitReportReporter -->
<testsuite hostname="Dell-Latitude" failures="0" tests="1" name="apiTest.EndToEndTest" time="2.899" errors="0" timestamp="2024-08-17T12:38:20 IST" skipped="0">
  <testcase classname="apiTest.EndToEndTest" name="deleteUserDetails" time="2.899"/>
</testsuite> <!-- apiTest.EndToEndTest -->
