<?xml version="1.0" encoding="UTF-8"?>
<!-- Generated by org.testng.reporters.JUnitReportReporter -->
<testsuite hostname="Dell-Latitude" failures="0" tests="1" name="apiTest.PostRequestTest" time="6.112" errors="0" timestamp="2024-08-16T09:58:40 IST" skipped="0">
  <testcase classname="apiTest.PostRequestTest" name="LoginUserToken" time="6.112"/>
</testsuite> <!-- apiTest.PostRequestTest -->
