<?xml version="1.0" encoding="UTF-8"?>
<!-- Generated by org.testng.reporters.JUnitReportReporter -->
<testsuite hostname="DESKTOP-5NC6EFS" failures="0" tests="2" name="apiTest.TestGetRequest" time="4.411" errors="0" timestamp="2024-08-15T13:23:47 IST" skipped="0">
  <testcase classname="apiTest.TestGetRequest" name="getAllUsers" time="3.405"/>
  <testcase classname="apiTest.TestGetRequest" name="getSingleUser" time="1.006"/>
</testsuite> <!-- apiTest.TestGetRequest -->
