<?xml version="1.0" encoding="UTF-8"?>
<!-- Generated by org.testng.reporters.JUnitReportReporter -->
<testsuite hostname="Dell-Latitude" failures="0" tests="1" name="apiTest.GetRequestTest" time="3.146" errors="0" timestamp="2024-08-16T10:39:43 IST" skipped="0">
  <testcase classname="apiTest.GetRequestTest" name="getSearchUser" time="3.146"/>
</testsuite> <!-- apiTest.GetRequestTest -->
