<?xml version="1.0" encoding="UTF-8"?>
<!-- Generated by org.testng.reporters.JUnitReportReporter -->
<testsuite hostname="Dell-Latitude" failures="0" tests="1" name="securityTest.AppSecurityTest" time="9.632" errors="0" timestamp="2024-08-17T22:47:03 IST" skipped="0">
  <testcase classname="securityTest.AppSecurityTest" name="SecurityTest" time="9.632"/>
</testsuite> <!-- securityTest.AppSecurityTest -->
