<?xml version="1.0" encoding="UTF-8"?>
<!-- Generated by org.testng.reporters.JUnitReportReporter -->
<testsuite hostname="Dell-Latitude" failures="0" tests="1" name="uiTest.UITest" time="4.987" errors="0" timestamp="2024-09-20T21:03:23 IST" skipped="0">
  <testcase classname="uiTest.UITest" name="uiTestCase" time="4.987"/>
</testsuite> <!-- uiTest.UITest -->
