<?xml version="1.0" encoding="UTF-8"?>
<!-- Generated by org.testng.reporters.JUnitReportReporter -->
<testsuite hostname="Dell-Latitude" failures="0" tests="2" name="apiTest.PostRequestTest" time="1.716" errors="0" timestamp="2024-08-17T20:41:43 IST" skipped="0">
  <testcase classname="apiTest.PostRequestTest" name="postUserPost" time="0.802"/>
  <testcase classname="apiTest.PostRequestTest" name="postProducts" time="0.914"/>
</testsuite> <!-- apiTest.PostRequestTest -->
