<?xml version="1.0" encoding="UTF-8"?>
<!-- Generated by org.testng.reporters.JUnitReportReporter -->
<testsuite hostname="Dell-Latitude" failures="0" tests="3" name="apiTest.GetRequestTest" time="2.763" errors="0" timestamp="2024-08-17T20:41:43 IST" skipped="0">
  <testcase classname="apiTest.GetRequestTest" name="getSingleUser" time="0.849"/>
  <testcase classname="apiTest.GetRequestTest" name="getAllUsers" time="0.965"/>
  <testcase classname="apiTest.GetRequestTest" name="getSearchUser" time="0.949"/>
</testsuite> <!-- apiTest.GetRequestTest -->
