<?xml version="1.0" encoding="UTF-8"?>
<!-- Generated by org.testng.reporters.JUnitReportReporter -->
<testsuite hostname="Dell-Latitude" failures="0" tests="2" name="apiTest.PostRequestTest" time="5.524" errors="0" timestamp="2024-08-17T11:33:03 IST" skipped="0">
  <testcase classname="apiTest.PostRequestTest" name="LoginUserToken" time="4.560"/>
  <testcase classname="apiTest.PostRequestTest" name="addUser" time="0.964"/>
</testsuite> <!-- apiTest.PostRequestTest -->
