<?xml version="1.0" encoding="UTF-8"?>
<!-- Generated by org.testng.reporters.JUnitReportReporter -->
<testsuite hostname="Dell-Latitude" failures="0" tests="1" name="uiTest.UITest" time="0.027" errors="0" timestamp="2024-08-22T10:24:53 IST" skipped="0">
  <testcase classname="uiTest.UITest" name="uiTestCase" time="0.027"/>
</testsuite> <!-- uiTest.UITest -->
