<?xml version="1.0" encoding="UTF-8"?>
<!-- Generated by org.testng.reporters.JUnitReportReporter -->
<testsuite hostname="DESKTOP-5NC6EFS" failures="0" tests="1" name="apiTest.PostRequestTest" time="4.369" errors="0" timestamp="2024-08-15T17:17:47 IST" skipped="0">
  <testcase classname="apiTest.PostRequestTest" name="LoginUserToken" time="4.369"/>
</testsuite> <!-- apiTest.PostRequestTest -->
