<?xml version="1.0" encoding="UTF-8"?>
<!-- Generated by org.testng.reporters.JUnitReportReporter -->
<testsuite hostname="DESKTOP-5NC6EFS" failures="0" tests="1" name="apiTest.TestGetRequest" time="2.778" errors="0" timestamp="2024-08-14T22:40:30 IST" skipped="0">
  <testcase classname="apiTest.TestGetRequest" name="getAllUsers" time="2.778"/>
</testsuite> <!-- apiTest.TestGetRequest -->
