<?xml version="1.0" encoding="UTF-8"?>
<!-- Generated by org.testng.reporters.JUnitReportReporter -->
<testsuite hostname="Dell-Latitude" failures="0" tests="1" name="apiTest.PostRequestTest" time="2.456" errors="0" timestamp="2024-08-17T13:27:21 IST" skipped="0">
  <testcase classname="apiTest.PostRequestTest" name="postProducts" time="2.456"/>
</testsuite> <!-- apiTest.PostRequestTest -->
