<?xml version="1.0" encoding="UTF-8"?>
<!-- Generated by org.testng.reporters.JUnitReportReporter -->
<testsuite hostname="DESKTOP-5NC6EFS" failures="0" tests="1" name="apiTest.GetRequestTest" time="3.877" errors="0" timestamp="2024-08-15T16:33:38 IST" skipped="0">
  <testcase classname="apiTest.GetRequestTest" name="getSingleUser" time="3.877"/>
</testsuite> <!-- apiTest.GetRequestTest -->
