<?xml version="1.0" encoding="UTF-8"?>
<!-- Generated by org.testng.reporters.JUnitReportReporter -->
<testsuite hostname="Dell-Latitude" failures="0" tests="6" name="apiTest.EndToEndTest" time="11.185" errors="0" timestamp="2024-08-17T20:41:43 IST" skipped="0">
  <testcase classname="apiTest.EndToEndTest" name="getRefreshToken" time="1.260"/>
  <testcase classname="apiTest.EndToEndTest" name="getLoginUserToken" time="6.303"/>
  <testcase classname="apiTest.EndToEndTest" name="getAuthUser" time="0.950"/>
  <testcase classname="apiTest.EndToEndTest" name="addUser" time="0.920"/>
  <testcase classname="apiTest.EndToEndTest" name="updateUserDetails" time="0.845"/>
  <testcase classname="apiTest.EndToEndTest" name="deleteUserDetails" time="0.907"/>
</testsuite> <!-- apiTest.EndToEndTest -->
